Called with args:
Namespace(cfg_file='experiments/cfgs/rfcn_end2end_ohem.yml', gpu_id=1, imdb_name='kitti_train', max_iters=150000, pretrained_model='data/imagenet_models/ResNet-101-model.caffemodel', randomize=False, set_cfgs=None, solver='models/pascal_voc/ResNet-101/rfcn_end2end/solver.prototxt')
Using config:
{'DATA_DIR': '/home/qian/py-R-FCN/data',
 'DEDUP_BOXES': 0.0625,
 'EPS': 1e-14,
 'EXP_DIR': 'rfcn_end2end_ohem',
 'GPU_ID': 1,
 'MATLAB': 'matlab',
 'MODELS_DIR': '/home/qian/py-R-FCN/models/pascal_voc',
 'PIXEL_MEANS': array([[[ 102.9801,  115.9465,  122.7717]]]),
 'RNG_SEED': 3,
 'ROOT_DIR': '/home/qian/py-R-FCN',
 'TEST': {'AGNOSTIC': True,
          'BBOX_REG': True,
          'HAS_RPN': True,
          'MAX_SIZE': 1000,
          'NMS': 0.3,
          'PROPOSAL_METHOD': 'selective_search',
          'RPN_MIN_SIZE': 16,
          'RPN_NMS_THRESH': 0.7,
          'RPN_POST_NMS_TOP_N': 300,
          'RPN_PRE_NMS_TOP_N': 6000,
          'SCALES': [600],
          'SVM': False},
 'TRAIN': {'AGNOSTIC': True,
           'ASPECT_GROUPING': True,
           'BATCH_SIZE': -1,
           'BBOX_INSIDE_WEIGHTS': [1.0, 1.0, 1.0, 1.0],
           'BBOX_NORMALIZE_MEANS': [0.0, 0.0, 0.0, 0.0],
           'BBOX_NORMALIZE_STDS': [0.1, 0.1, 0.2, 0.2],
           'BBOX_NORMALIZE_TARGETS': True,
           'BBOX_NORMALIZE_TARGETS_PRECOMPUTED': True,
           'BBOX_REG': True,
           'BBOX_THRESH': 0.5,
           'BG_THRESH_HI': 0.5,
           'BG_THRESH_LO': 0.0,
           'FG_FRACTION': 0.25,
           'FG_THRESH': 0.5,
           'HAS_RPN': True,
           'IMS_PER_BATCH': 1,
           'MAX_SIZE': 1000,
           'PROPOSAL_METHOD': 'gt',
           'RPN_BATCHSIZE': 256,
           'RPN_BBOX_INSIDE_WEIGHTS': [1.0, 1.0, 1.0, 1.0],
           'RPN_CLOBBER_POSITIVES': False,
           'RPN_FG_FRACTION': 0.5,
           'RPN_MIN_SIZE': 16,
           'RPN_NEGATIVE_OVERLAP': 0.3,
           'RPN_NMS_THRESH': 0.7,
           'RPN_NORMALIZE_MEANS': [0.0, 0.0, 0.0, 0.0],
           'RPN_NORMALIZE_STDS': [0.1, 0.1, 0.2, 0.2],
           'RPN_NORMALIZE_TARGETS': True,
           'RPN_POSITIVE_OVERLAP': 0.7,
           'RPN_POSITIVE_WEIGHT': -1.0,
           'RPN_POST_NMS_TOP_N': 300,
           'RPN_PRE_NMS_TOP_N': 6000,
           'SCALES': [600],
           'SNAPSHOT_INFIX': '',
           'SNAPSHOT_ITERS': 10000,
           'USE_FLIPPED': True,
           'USE_PREFETCH': False},
 'USE_GPU_NMS': True}
this is kitti initial
Loaded dataset `kitti_train` for training
Set proposal method: gt
Appending horizontally-flipped training examples...
kitti_train gt roidb loaded from /home/qian/py-R-FCN/data/cache/kitti_train_gt_roidb.pkl
done
Preparing training data...
done
this is kitti initial
11368 roidb entries
Output will be saved to `/home/qian/py-R-FCN/output/rfcn_end2end_ohem/kitti_train`
Filtered 0 roidb entries: 11368 -> 11368
Computing bounding-box regression targets...
bbox target means:
[[ 0.  0.  0.  0.]
 [ 0.  0.  0.  0.]]
[ 0.  0.  0.  0.]
bbox target stdevs:
[[ 0.1  0.1  0.2  0.2]
 [ 0.1  0.1  0.2  0.2]]
[ 0.1  0.1  0.2  0.2]
Normalizing targets
done
RoiDataLayer: name_to_top: {'gt_boxes': 2, 'data': 0, 'im_info': 1}
Loading pretrained model weights from data/imagenet_models/ResNet-101-model.caffemodel
Solving...
speed: 0.477s / iter
speed: 0.462s / iter
speed: 0.454s / iter
speed: 0.449s / iter
speed: 0.446s / iter
speed: 0.443s / iter
speed: 0.441s / iter
speed: 0.439s / iter
speed: 0.440s / iter
speed: 0.440s / iter
speed: 0.442s / iter
speed: 0.442s / iter
speed: 0.442s / iter
speed: 0.442s / iter
speed: 0.442s / iter
speed: 0.442s / iter
speed: 0.442s / iter
speed: 0.443s / iter
speed: 0.443s / iter
speed: 0.444s / iter
speed: 0.444s / iter
speed: 0.445s / iter
speed: 0.445s / iter
speed: 0.445s / iter
speed: 0.446s / iter
speed: 0.446s / iter
speed: 0.446s / iter
speed: 0.447s / iter
speed: 0.447s / iter
speed: 0.447s / iter
speed: 0.447s / iter
speed: 0.447s / iter
speed: 0.448s / iter
speed: 0.448s / iter
speed: 0.448s / iter
speed: 0.449s / iter
speed: 0.449s / iter
speed: 0.450s / iter
speed: 0.450s / iter
speed: 0.450s / iter
speed: 0.451s / iter
speed: 0.451s / iter
speed: 0.451s / iter
speed: 0.451s / iter
speed: 0.451s / iter
speed: 0.451s / iter
speed: 0.451s / iter
speed: 0.451s / iter
speed: 0.452s / iter
speed: 0.452s / iter
Wrote snapshot to: /home/qian/py-R-FCN/output/rfcn_end2end_ohem/kitti_train/resnet101_rfcn_iter_10000.caffemodel
speed: 0.452s / iter
speed: 0.452s / iter
speed: 0.452s / iter
speed: 0.452s / iter
speed: 0.452s / iter
speed: 0.452s / iter
speed: 0.452s / iter
speed: 0.452s / iter
speed: 0.453s / iter
speed: 0.453s / iter
speed: 0.453s / iter
speed: 0.453s / iter
speed: 0.453s / iter
speed: 0.453s / iter
speed: 0.453s / iter
speed: 0.453s / iter
speed: 0.454s / iter
speed: 0.454s / iter
speed: 0.454s / iter
speed: 0.454s / iter
speed: 0.454s / iter
speed: 0.454s / iter
speed: 0.454s / iter
speed: 0.454s / iter
speed: 0.454s / iter
speed: 0.454s / iter
speed: 0.454s / iter
speed: 0.454s / iter
speed: 0.454s / iter
speed: 0.454s / iter
speed: 0.454s / iter
speed: 0.454s / iter
speed: 0.455s / iter
speed: 0.455s / iter
speed: 0.455s / iter
speed: 0.455s / iter
speed: 0.455s / iter
speed: 0.455s / iter
speed: 0.455s / iter
speed: 0.455s / iter
speed: 0.455s / iter
speed: 0.455s / iter
speed: 0.455s / iter
speed: 0.455s / iter
speed: 0.455s / iter
speed: 0.455s / iter
speed: 0.455s / iter
speed: 0.455s / iter
speed: 0.455s / iter
speed: 0.455s / iter
Wrote snapshot to: /home/qian/py-R-FCN/output/rfcn_end2end_ohem/kitti_train/resnet101_rfcn_iter_20000.caffemodel
speed: 0.455s / iter
speed: 0.455s / iter
speed: 0.455s / iter
speed: 0.455s / iter
speed: 0.455s / iter
speed: 0.455s / iter
speed: 0.455s / iter
speed: 0.455s / iter
speed: 0.455s / iter
speed: 0.456s / iter
speed: 0.456s / iter
speed: 0.456s / iter
speed: 0.456s / iter
speed: 0.456s / iter
speed: 0.456s / iter
speed: 0.456s / iter
speed: 0.456s / iter
speed: 0.456s / iter
speed: 0.456s / iter
speed: 0.456s / iter
speed: 0.456s / iter
speed: 0.456s / iter
speed: 0.456s / iter
speed: 0.456s / iter
speed: 0.456s / iter
speed: 0.456s / iter
speed: 0.456s / iter
speed: 0.456s / iter
speed: 0.456s / iter
speed: 0.456s / iter
speed: 0.456s / iter
speed: 0.456s / iter
speed: 0.456s / iter
speed: 0.456s / iter
speed: 0.456s / iter
speed: 0.456s / iter
speed: 0.456s / iter
speed: 0.456s / iter
speed: 0.456s / iter
speed: 0.456s / iter
speed: 0.456s / iter
speed: 0.456s / iter
speed: 0.456s / iter
speed: 0.456s / iter
speed: 0.456s / iter
speed: 0.456s / iter
speed: 0.456s / iter
speed: 0.456s / iter
speed: 0.456s / iter
speed: 0.456s / iter
Wrote snapshot to: /home/qian/py-R-FCN/output/rfcn_end2end_ohem/kitti_train/resnet101_rfcn_iter_30000.caffemodel
speed: 0.456s / iter
speed: 0.456s / iter
speed: 0.456s / iter
speed: 0.456s / iter
speed: 0.456s / iter
speed: 0.456s / iter
speed: 0.457s / iter
speed: 0.457s / iter
speed: 0.457s / iter
speed: 0.457s / iter
speed: 0.457s / iter
speed: 0.457s / iter
speed: 0.457s / iter
speed: 0.457s / iter
speed: 0.457s / iter
speed: 0.457s / iter
speed: 0.457s / iter
speed: 0.457s / iter
speed: 0.457s / iter
speed: 0.457s / iter
speed: 0.457s / iter
speed: 0.457s / iter
speed: 0.457s / iter
speed: 0.457s / iter
speed: 0.457s / iter
speed: 0.457s / iter
speed: 0.457s / iter
speed: 0.457s / iter
speed: 0.457s / iter
speed: 0.457s / iter
speed: 0.457s / iter
speed: 0.457s / iter
speed: 0.457s / iter
speed: 0.457s / iter
speed: 0.457s / iter
speed: 0.457s / iter
speed: 0.457s / iter
speed: 0.457s / iter
speed: 0.457s / iter
speed: 0.457s / iter
speed: 0.457s / iter
speed: 0.457s / iter
speed: 0.457s / iter
speed: 0.457s / iter
speed: 0.457s / iter
speed: 0.457s / iter
speed: 0.457s / iter
speed: 0.457s / iter
speed: 0.457s / iter
speed: 0.457s / iter
Wrote snapshot to: /home/qian/py-R-FCN/output/rfcn_end2end_ohem/kitti_train/resnet101_rfcn_iter_40000.caffemodel
speed: 0.457s / iter
speed: 0.457s / iter
speed: 0.457s / iter
speed: 0.457s / iter
speed: 0.457s / iter
speed: 0.457s / iter
speed: 0.457s / iter
speed: 0.457s / iter
speed: 0.457s / iter
speed: 0.457s / iter
speed: 0.457s / iter
speed: 0.457s / iter
speed: 0.457s / iter
speed: 0.457s / iter
speed: 0.457s / iter
speed: 0.457s / iter
speed: 0.457s / iter
speed: 0.457s / iter
speed: 0.457s / iter
speed: 0.457s / iter
speed: 0.457s / iter
speed: 0.457s / iter
speed: 0.457s / iter
speed: 0.457s / iter
speed: 0.458s / iter
speed: 0.458s / iter
speed: 0.458s / iter
speed: 0.458s / iter
speed: 0.458s / iter
speed: 0.458s / iter
speed: 0.458s / iter
speed: 0.458s / iter
speed: 0.458s / iter
speed: 0.458s / iter
speed: 0.458s / iter
speed: 0.458s / iter
speed: 0.458s / iter
speed: 0.458s / iter
speed: 0.458s / iter
speed: 0.458s / iter
speed: 0.458s / iter
speed: 0.458s / iter
speed: 0.458s / iter
speed: 0.458s / iter
speed: 0.458s / iter
speed: 0.458s / iter
speed: 0.458s / iter
speed: 0.458s / iter
speed: 0.458s / iter
speed: 0.458s / iter
Wrote snapshot to: /home/qian/py-R-FCN/output/rfcn_end2end_ohem/kitti_train/resnet101_rfcn_iter_50000.caffemodel
speed: 0.458s / iter
speed: 0.458s / iter
speed: 0.458s / iter
speed: 0.458s / iter
speed: 0.458s / iter
speed: 0.458s / iter
speed: 0.458s / iter
speed: 0.458s / iter
speed: 0.458s / iter
speed: 0.458s / iter
speed: 0.458s / iter
speed: 0.458s / iter
speed: 0.458s / iter
speed: 0.458s / iter
speed: 0.458s / iter
speed: 0.458s / iter
speed: 0.458s / iter
speed: 0.458s / iter
speed: 0.458s / iter
speed: 0.458s / iter
speed: 0.458s / iter
speed: 0.458s / iter
speed: 0.458s / iter
speed: 0.458s / iter
speed: 0.458s / iter
speed: 0.458s / iter
speed: 0.458s / iter
speed: 0.458s / iter
speed: 0.458s / iter
speed: 0.458s / iter
speed: 0.458s / iter
speed: 0.458s / iter
speed: 0.458s / iter
speed: 0.458s / iter
speed: 0.458s / iter
speed: 0.458s / iter
speed: 0.458s / iter
speed: 0.458s / iter
speed: 0.458s / iter
speed: 0.458s / iter
speed: 0.458s / iter
speed: 0.458s / iter
speed: 0.458s / iter
speed: 0.458s / iter
speed: 0.458s / iter
speed: 0.458s / iter
speed: 0.458s / iter
speed: 0.458s / iter
speed: 0.458s / iter
speed: 0.458s / iter
Wrote snapshot to: /home/qian/py-R-FCN/output/rfcn_end2end_ohem/kitti_train/resnet101_rfcn_iter_60000.caffemodel
speed: 0.458s / iter
speed: 0.458s / iter
speed: 0.458s / iter
speed: 0.458s / iter
speed: 0.458s / iter
speed: 0.458s / iter
speed: 0.458s / iter
speed: 0.458s / iter
speed: 0.458s / iter
speed: 0.458s / iter
speed: 0.458s / iter
speed: 0.458s / iter
speed: 0.458s / iter
speed: 0.458s / iter
speed: 0.458s / iter
speed: 0.458s / iter
speed: 0.458s / iter
speed: 0.458s / iter
speed: 0.458s / iter
speed: 0.458s / iter
speed: 0.458s / iter
speed: 0.458s / iter
speed: 0.458s / iter
speed: 0.458s / iter
speed: 0.458s / iter
speed: 0.458s / iter
speed: 0.458s / iter
speed: 0.458s / iter
speed: 0.458s / iter
speed: 0.458s / iter
speed: 0.458s / iter
speed: 0.458s / iter
speed: 0.458s / iter
speed: 0.458s / iter
speed: 0.459s / iter
speed: 0.459s / iter
speed: 0.459s / iter
speed: 0.459s / iter
speed: 0.459s / iter
speed: 0.459s / iter
speed: 0.459s / iter
speed: 0.459s / iter
speed: 0.459s / iter
speed: 0.459s / iter
speed: 0.459s / iter
speed: 0.459s / iter
speed: 0.459s / iter
speed: 0.459s / iter
speed: 0.459s / iter
speed: 0.459s / iter
Wrote snapshot to: /home/qian/py-R-FCN/output/rfcn_end2end_ohem/kitti_train/resnet101_rfcn_iter_70000.caffemodel
speed: 0.459s / iter
speed: 0.459s / iter
speed: 0.459s / iter
speed: 0.459s / iter
speed: 0.459s / iter
speed: 0.459s / iter
speed: 0.459s / iter
speed: 0.459s / iter
speed: 0.459s / iter
speed: 0.459s / iter
speed: 0.459s / iter
speed: 0.459s / iter
speed: 0.459s / iter
speed: 0.459s / iter
speed: 0.459s / iter
speed: 0.459s / iter
speed: 0.459s / iter
speed: 0.459s / iter
speed: 0.459s / iter
speed: 0.459s / iter
speed: 0.459s / iter
speed: 0.459s / iter
speed: 0.459s / iter
speed: 0.459s / iter
speed: 0.459s / iter
speed: 0.459s / iter
speed: 0.459s / iter
speed: 0.459s / iter
speed: 0.459s / iter
speed: 0.459s / iter
speed: 0.459s / iter
speed: 0.459s / iter
speed: 0.459s / iter
speed: 0.459s / iter
speed: 0.459s / iter
speed: 0.459s / iter
speed: 0.459s / iter
speed: 0.459s / iter
speed: 0.459s / iter
speed: 0.459s / iter
speed: 0.459s / iter
speed: 0.459s / iter
speed: 0.459s / iter
speed: 0.459s / iter
speed: 0.459s / iter
speed: 0.459s / iter
speed: 0.459s / iter
speed: 0.459s / iter
speed: 0.459s / iter
speed: 0.459s / iter
Wrote snapshot to: /home/qian/py-R-FCN/output/rfcn_end2end_ohem/kitti_train/resnet101_rfcn_iter_80000.caffemodel
speed: 0.459s / iter
speed: 0.459s / iter
speed: 0.459s / iter
speed: 0.459s / iter
speed: 0.459s / iter
speed: 0.459s / iter
speed: 0.459s / iter
speed: 0.459s / iter
speed: 0.459s / iter
speed: 0.459s / iter
speed: 0.459s / iter
speed: 0.459s / iter
speed: 0.459s / iter
speed: 0.459s / iter
speed: 0.459s / iter
speed: 0.459s / iter
speed: 0.459s / iter
speed: 0.459s / iter
speed: 0.459s / iter
speed: 0.459s / iter
speed: 0.459s / iter
speed: 0.459s / iter
speed: 0.459s / iter
speed: 0.459s / iter
speed: 0.459s / iter
speed: 0.459s / iter
speed: 0.459s / iter
speed: 0.459s / iter
speed: 0.459s / iter
speed: 0.459s / iter
speed: 0.459s / iter
speed: 0.459s / iter
speed: 0.459s / iter
speed: 0.459s / iter
speed: 0.459s / iter
speed: 0.459s / iter
speed: 0.459s / iter
speed: 0.459s / iter
speed: 0.459s / iter
speed: 0.459s / iter
speed: 0.459s / iter
speed: 0.459s / iter
speed: 0.459s / iter
speed: 0.459s / iter
speed: 0.459s / iter
speed: 0.459s / iter
speed: 0.459s / iter
speed: 0.459s / iter
speed: 0.459s / iter
speed: 0.459s / iter
Wrote snapshot to: /home/qian/py-R-FCN/output/rfcn_end2end_ohem/kitti_train/resnet101_rfcn_iter_90000.caffemodel
speed: 0.459s / iter
speed: 0.459s / iter
speed: 0.459s / iter
speed: 0.459s / iter
speed: 0.459s / iter
speed: 0.459s / iter
speed: 0.459s / iter
speed: 0.459s / iter
speed: 0.459s / iter
speed: 0.459s / iter
speed: 0.459s / iter
speed: 0.459s / iter
speed: 0.459s / iter
speed: 0.459s / iter
speed: 0.459s / iter
speed: 0.459s / iter
speed: 0.459s / iter
speed: 0.459s / iter
speed: 0.459s / iter
speed: 0.459s / iter
speed: 0.459s / iter
speed: 0.459s / iter
speed: 0.459s / iter
speed: 0.459s / iter
speed: 0.459s / iter
speed: 0.459s / iter
speed: 0.459s / iter
speed: 0.459s / iter
speed: 0.459s / iter
speed: 0.459s / iter
speed: 0.459s / iter
speed: 0.459s / iter
speed: 0.459s / iter
speed: 0.459s / iter
speed: 0.459s / iter
speed: 0.459s / iter
speed: 0.459s / iter
speed: 0.459s / iter
speed: 0.459s / iter
speed: 0.459s / iter
speed: 0.459s / iter
speed: 0.459s / iter
speed: 0.459s / iter
speed: 0.459s / iter
speed: 0.459s / iter
speed: 0.459s / iter
speed: 0.459s / iter
speed: 0.459s / iter
speed: 0.459s / iter
speed: 0.459s / iter
Wrote snapshot to: /home/qian/py-R-FCN/output/rfcn_end2end_ohem/kitti_train/resnet101_rfcn_iter_100000.caffemodel
speed: 0.459s / iter
speed: 0.459s / iter
speed: 0.459s / iter
speed: 0.459s / iter
speed: 0.459s / iter
speed: 0.459s / iter
speed: 0.459s / iter
speed: 0.459s / iter
speed: 0.459s / iter
speed: 0.459s / iter
speed: 0.459s / iter
speed: 0.459s / iter
speed: 0.459s / iter
speed: 0.459s / iter
speed: 0.459s / iter
speed: 0.459s / iter
speed: 0.459s / iter
speed: 0.459s / iter
speed: 0.459s / iter
speed: 0.459s / iter
speed: 0.459s / iter
speed: 0.459s / iter
speed: 0.459s / iter
speed: 0.459s / iter
speed: 0.459s / iter
speed: 0.458s / iter
speed: 0.458s / iter
speed: 0.458s / iter
speed: 0.458s / iter
speed: 0.458s / iter
speed: 0.458s / iter
speed: 0.458s / iter
speed: 0.458s / iter
speed: 0.458s / iter
speed: 0.458s / iter
speed: 0.458s / iter
speed: 0.458s / iter
speed: 0.458s / iter
speed: 0.458s / iter
speed: 0.458s / iter
speed: 0.458s / iter
speed: 0.458s / iter
speed: 0.458s / iter
speed: 0.458s / iter
speed: 0.458s / iter
speed: 0.458s / iter
speed: 0.458s / iter
speed: 0.458s / iter
speed: 0.458s / iter
speed: 0.458s / iter
Wrote snapshot to: /home/qian/py-R-FCN/output/rfcn_end2end_ohem/kitti_train/resnet101_rfcn_iter_110000.caffemodel
speed: 0.457s / iter
speed: 0.457s / iter
speed: 0.457s / iter
speed: 0.457s / iter
speed: 0.457s / iter
speed: 0.457s / iter
speed: 0.457s / iter
speed: 0.457s / iter
speed: 0.457s / iter
speed: 0.457s / iter
speed: 0.457s / iter
speed: 0.457s / iter
speed: 0.457s / iter
speed: 0.457s / iter
speed: 0.457s / iter
speed: 0.457s / iter
speed: 0.457s / iter
speed: 0.457s / iter
speed: 0.457s / iter
speed: 0.457s / iter
speed: 0.457s / iter
speed: 0.457s / iter
speed: 0.457s / iter
speed: 0.457s / iter
speed: 0.457s / iter
speed: 0.457s / iter
speed: 0.457s / iter
speed: 0.457s / iter
speed: 0.457s / iter
speed: 0.456s / iter
speed: 0.456s / iter
speed: 0.456s / iter
speed: 0.456s / iter
speed: 0.456s / iter
speed: 0.456s / iter
speed: 0.456s / iter
speed: 0.456s / iter
speed: 0.456s / iter
speed: 0.456s / iter
speed: 0.456s / iter
speed: 0.456s / iter
speed: 0.456s / iter
speed: 0.456s / iter
speed: 0.456s / iter
speed: 0.456s / iter
speed: 0.456s / iter
speed: 0.456s / iter
speed: 0.456s / iter
speed: 0.456s / iter
speed: 0.456s / iter
Wrote snapshot to: /home/qian/py-R-FCN/output/rfcn_end2end_ohem/kitti_train/resnet101_rfcn_iter_120000.caffemodel
speed: 0.456s / iter
speed: 0.456s / iter
speed: 0.456s / iter
speed: 0.456s / iter
speed: 0.456s / iter
speed: 0.456s / iter
speed: 0.456s / iter
speed: 0.456s / iter
speed: 0.456s / iter
speed: 0.456s / iter
speed: 0.456s / iter
speed: 0.455s / iter
speed: 0.455s / iter
speed: 0.455s / iter
speed: 0.455s / iter
speed: 0.455s / iter
speed: 0.455s / iter
speed: 0.455s / iter
speed: 0.455s / iter
speed: 0.455s / iter
speed: 0.455s / iter
speed: 0.455s / iter
speed: 0.455s / iter
speed: 0.455s / iter
speed: 0.455s / iter
speed: 0.455s / iter
speed: 0.455s / iter
speed: 0.455s / iter
speed: 0.455s / iter
speed: 0.455s / iter
speed: 0.455s / iter
speed: 0.455s / iter
speed: 0.455s / iter
speed: 0.455s / iter
speed: 0.455s / iter
speed: 0.455s / iter
speed: 0.455s / iter
speed: 0.455s / iter
speed: 0.455s / iter
speed: 0.455s / iter
speed: 0.455s / iter
speed: 0.455s / iter
speed: 0.455s / iter
speed: 0.455s / iter
speed: 0.455s / iter
speed: 0.455s / iter
speed: 0.455s / iter
speed: 0.454s / iter
speed: 0.454s / iter
speed: 0.454s / iter
Wrote snapshot to: /home/qian/py-R-FCN/output/rfcn_end2end_ohem/kitti_train/resnet101_rfcn_iter_130000.caffemodel
speed: 0.454s / iter
speed: 0.454s / iter
speed: 0.454s / iter
speed: 0.454s / iter
speed: 0.454s / iter
speed: 0.454s / iter
speed: 0.454s / iter
speed: 0.454s / iter
speed: 0.454s / iter
speed: 0.454s / iter
speed: 0.454s / iter
speed: 0.454s / iter
speed: 0.454s / iter
speed: 0.454s / iter
speed: 0.454s / iter
speed: 0.454s / iter
speed: 0.454s / iter
speed: 0.454s / iter
speed: 0.454s / iter
speed: 0.454s / iter
speed: 0.454s / iter
speed: 0.454s / iter
speed: 0.454s / iter
speed: 0.454s / iter
speed: 0.454s / iter
speed: 0.454s / iter
speed: 0.454s / iter
speed: 0.454s / iter
speed: 0.454s / iter
speed: 0.454s / iter
speed: 0.454s / iter
speed: 0.454s / iter
speed: 0.454s / iter
speed: 0.454s / iter
speed: 0.454s / iter
speed: 0.454s / iter
speed: 0.454s / iter
speed: 0.453s / iter
speed: 0.453s / iter
speed: 0.453s / iter
speed: 0.453s / iter
speed: 0.453s / iter
speed: 0.453s / iter
speed: 0.453s / iter
speed: 0.453s / iter
speed: 0.453s / iter
speed: 0.453s / iter
speed: 0.453s / iter
speed: 0.453s / iter
speed: 0.453s / iter
Wrote snapshot to: /home/qian/py-R-FCN/output/rfcn_end2end_ohem/kitti_train/resnet101_rfcn_iter_140000.caffemodel
speed: 0.453s / iter
speed: 0.453s / iter
speed: 0.453s / iter
speed: 0.453s / iter
speed: 0.453s / iter
speed: 0.453s / iter
speed: 0.453s / iter
speed: 0.453s / iter
speed: 0.453s / iter
speed: 0.453s / iter
speed: 0.453s / iter
speed: 0.453s / iter
speed: 0.453s / iter
speed: 0.453s / iter
speed: 0.453s / iter
speed: 0.453s / iter
speed: 0.453s / iter
speed: 0.453s / iter
speed: 0.453s / iter
speed: 0.453s / iter
speed: 0.453s / iter
speed: 0.453s / iter
speed: 0.453s / iter
speed: 0.453s / iter
speed: 0.453s / iter
speed: 0.453s / iter
speed: 0.453s / iter
speed: 0.453s / iter
speed: 0.453s / iter
speed: 0.453s / iter
speed: 0.453s / iter
speed: 0.453s / iter
speed: 0.452s / iter
speed: 0.452s / iter
speed: 0.452s / iter
speed: 0.452s / iter
speed: 0.452s / iter
speed: 0.452s / iter
speed: 0.452s / iter
speed: 0.452s / iter
speed: 0.452s / iter
speed: 0.452s / iter
speed: 0.452s / iter
speed: 0.452s / iter
speed: 0.452s / iter
speed: 0.452s / iter
speed: 0.452s / iter
speed: 0.452s / iter
speed: 0.452s / iter
speed: 0.452s / iter
Wrote snapshot to: /home/qian/py-R-FCN/output/rfcn_end2end_ohem/kitti_train/resnet101_rfcn_iter_150000.caffemodel
done solving
